{"C:\\Users\\Sebastian\\Desktop\\integracion_continuaTF\\src\\components\\Arte\\ColorMixer\\ColorMixer.tsx": {"path":"C:\\Users\\Sebastian\\Desktop\\integracion_continuaTF\\src\\components\\Arte\\ColorMixer\\ColorMixer.tsx","statementMap":{"0":{"start":{"line":1,"column":0},"end":{"line":1,"column":59}},"1":{"start":{"line":9,"column":29},"end":{"line":217,"column":1}},"2":{"start":{"line":10,"column":30},"end":{"line":14,"column":4}},"3":{"start":{"line":16,"column":20},"end":{"line":16,"column":51}},"4":{"start":{"line":19,"column":24},"end":{"line":30,"column":3}},"5":{"start":{"line":21,"column":14},"end":{"line":21,"column":24}},"6":{"start":{"line":22,"column":14},"end":{"line":22,"column":27}},"7":{"start":{"line":23,"column":14},"end":{"line":23,"column":25}},"8":{"start":{"line":25,"column":4},"end":{"line":29,"column":6}},"9":{"start":{"line":33,"column":2},"end":{"line":54,"column":15}},"10":{"start":{"line":34,"column":19},"end":{"line":34,"column":36}},"11":{"start":{"line":35,"column":4},"end":{"line":35,"column":24}},"12":{"start":{"line":35,"column":17},"end":{"line":35,"column":24}},"13":{"start":{"line":37,"column":16},"end":{"line":37,"column":39}},"14":{"start":{"line":38,"column":4},"end":{"line":38,"column":21}},"15":{"start":{"line":38,"column":14},"end":{"line":38,"column":21}},"16":{"start":{"line":40,"column":23},"end":{"line":40,"column":38}},"17":{"start":{"line":41,"column":22},"end":{"line":41,"column":114}},"18":{"start":{"line":44,"column":4},"end":{"line":44,"column":53}},"19":{"start":{"line":47,"column":4},"end":{"line":47,"column":20}},"20":{"start":{"line":48,"column":4},"end":{"line":48,"column":43}},"21":{"start":{"line":49,"column":4},"end":{"line":49,"column":30}},"22":{"start":{"line":50,"column":4},"end":{"line":50,"column":15}},"23":{"start":{"line":51,"column":4},"end":{"line":51,"column":29}},"24":{"start":{"line":52,"column":4},"end":{"line":52,"column":22}},"25":{"start":{"line":53,"column":4},"end":{"line":53,"column":17}},"26":{"start":{"line":57,"column":28},"end":{"line":62,"column":3}},"27":{"start":{"line":58,"column":4},"end":{"line":61,"column":8}},"28":{"start":{"line":58,"column":25},"end":{"line":61,"column":6}},"29":{"start":{"line":65,"column":22},"end":{"line":72,"column":3}},"30":{"start":{"line":66,"column":20},"end":{"line":70,"column":6}},"31":{"start":{"line":71,"column":4},"end":{"line":71,"column":31}},"32":{"start":{"line":75,"column":22},"end":{"line":77,"column":3}},"33":{"start":{"line":76,"column":4},"end":{"line":76,"column":46}},"34":{"start":{"line":80,"column":22},"end":{"line":85,"column":3}},"35":{"start":{"line":81,"column":23},"end":{"line":81,"column":38}},"36":{"start":{"line":82,"column":18},"end":{"line":83,"column":63}},"37":{"start":{"line":83,"column":6},"end":{"line":83,"column":63}},"38":{"start":{"line":84,"column":4},"end":{"line":84,"column":81}},"39":{"start":{"line":87,"column":2},"end":{"line":216,"column":4}},"40":{"start":{"line":133,"column":31},"end":{"line":133,"column":79}},"41":{"start":{"line":150,"column":31},"end":{"line":150,"column":82}},"42":{"start":{"line":167,"column":31},"end":{"line":167,"column":80}},"43":{"start":{"line":177,"column":27},"end":{"line":177,"column":47}},"44":{"start":{"line":184,"column":27},"end":{"line":184,"column":48}},"45":{"start":{"line":191,"column":27},"end":{"line":191,"column":48}},"46":{"start":{"line":219,"column":0},"end":{"line":219,"column":26}}},"fnMap":{"0":{"name":"(anonymous_9)","decl":{"start":{"line":9,"column":29},"end":{"line":9,"column":32}},"loc":{"start":{"line":9,"column":34},"end":{"line":217,"column":1}}},"1":{"name":"(anonymous_10)","decl":{"start":{"line":19,"column":24},"end":{"line":19,"column":64}},"loc":{"start":{"line":19,"column":66},"end":{"line":30,"column":3}}},"2":{"name":"(anonymous_11)","decl":{"start":{"line":33,"column":12},"end":{"line":33,"column":15}},"loc":{"start":{"line":33,"column":17},"end":{"line":54,"column":3}}},"3":{"name":"(anonymous_12)","decl":{"start":{"line":57,"column":28},"end":{"line":57,"column":29}},"loc":{"start":{"line":57,"column":72},"end":{"line":62,"column":3}}},"4":{"name":"(anonymous_13)","decl":{"start":{"line":58,"column":14},"end":{"line":58,"column":15}},"loc":{"start":{"line":58,"column":25},"end":{"line":61,"column":6}}},"5":{"name":"(anonymous_14)","decl":{"start":{"line":65,"column":22},"end":{"line":65,"column":23}},"loc":{"start":{"line":65,"column":64},"end":{"line":72,"column":3}}},"6":{"name":"(anonymous_15)","decl":{"start":{"line":75,"column":22},"end":{"line":75,"column":25}},"loc":{"start":{"line":75,"column":27},"end":{"line":77,"column":3}}},"7":{"name":"(anonymous_16)","decl":{"start":{"line":80,"column":22},"end":{"line":80,"column":33}},"loc":{"start":{"line":80,"column":35},"end":{"line":85,"column":3}}},"8":{"name":"(anonymous_17)","decl":{"start":{"line":82,"column":18},"end":{"line":82,"column":19}},"loc":{"start":{"line":83,"column":6},"end":{"line":83,"column":63}}},"9":{"name":"(anonymous_18)","decl":{"start":{"line":133,"column":24},"end":{"line":133,"column":25}},"loc":{"start":{"line":133,"column":31},"end":{"line":133,"column":79}}},"10":{"name":"(anonymous_19)","decl":{"start":{"line":150,"column":24},"end":{"line":150,"column":25}},"loc":{"start":{"line":150,"column":31},"end":{"line":150,"column":82}}},"11":{"name":"(anonymous_20)","decl":{"start":{"line":167,"column":24},"end":{"line":167,"column":25}},"loc":{"start":{"line":167,"column":31},"end":{"line":167,"column":80}}},"12":{"name":"(anonymous_21)","decl":{"start":{"line":177,"column":21},"end":{"line":177,"column":24}},"loc":{"start":{"line":177,"column":27},"end":{"line":177,"column":47}}},"13":{"name":"(anonymous_22)","decl":{"start":{"line":184,"column":21},"end":{"line":184,"column":24}},"loc":{"start":{"line":184,"column":27},"end":{"line":184,"column":48}}},"14":{"name":"(anonymous_23)","decl":{"start":{"line":191,"column":21},"end":{"line":191,"column":24}},"loc":{"start":{"line":191,"column":27},"end":{"line":191,"column":48}}}},"branchMap":{"0":{"loc":{"start":{"line":35,"column":4},"end":{"line":35,"column":24}},"type":"if","locations":[{"start":{"line":35,"column":4},"end":{"line":35,"column":24}},{"start":{},"end":{}}]},"1":{"loc":{"start":{"line":38,"column":4},"end":{"line":38,"column":21}},"type":"if","locations":[{"start":{"line":38,"column":4},"end":{"line":38,"column":21}},{"start":{},"end":{}}]}},"s":{"0":1,"1":1,"2":24,"3":24,"4":24,"5":120,"6":120,"7":120,"8":120,"9":24,"10":24,"11":24,"12":0,"13":24,"14":24,"15":0,"16":24,"17":24,"18":24,"19":24,"20":24,"21":24,"22":24,"23":24,"24":24,"25":24,"26":24,"27":5,"28":5,"29":24,"30":3,"31":3,"32":24,"33":1,"34":24,"35":24,"36":24,"37":72,"38":24,"39":24,"40":3,"41":1,"42":1,"43":1,"44":1,"45":1,"46":1},"f":{"0":24,"1":120,"2":24,"3":5,"4":5,"5":3,"6":1,"7":24,"8":72,"9":3,"10":1,"11":1,"12":1,"13":1,"14":1},"b":{"0":[0,24],"1":[0,24]}}
,"C:\\Users\\Sebastian\\Desktop\\integracion_continuaTF\\src\\components\\CienciasNaturales\\WaterCycle\\WaterCycle.tsx": {"path":"C:\\Users\\Sebastian\\Desktop\\integracion_continuaTF\\src\\components\\CienciasNaturales\\WaterCycle\\WaterCycle.tsx","statementMap":{"0":{"start":{"line":1,"column":0},"end":{"line":1,"column":51}},"1":{"start":{"line":12,"column":24},"end":{"line":49,"column":2}},"2":{"start":{"line":51,"column":29},"end":{"line":287,"column":1}},"3":{"start":{"line":52,"column":40},"end":{"line":52,"column":69}},"4":{"start":{"line":53,"column":36},"end":{"line":53,"column":60}},"5":{"start":{"line":54,"column":50},"end":{"line":54,"column":69}},"6":{"start":{"line":57,"column":2},"end":{"line":71,"column":18}},"7":{"start":{"line":58,"column":4},"end":{"line":58,"column":27}},"8":{"start":{"line":58,"column":20},"end":{"line":58,"column":27}},"9":{"start":{"line":60,"column":21},"end":{"line":68,"column":12}},"10":{"start":{"line":61,"column":6},"end":{"line":67,"column":9}},"11":{"start":{"line":62,"column":8},"end":{"line":65,"column":9}},"12":{"start":{"line":63,"column":10},"end":{"line":63,"column":30}},"13":{"start":{"line":64,"column":10},"end":{"line":64,"column":19}},"14":{"start":{"line":66,"column":8},"end":{"line":66,"column":24}},"15":{"start":{"line":70,"column":4},"end":{"line":70,"column":41}},"16":{"start":{"line":70,"column":17},"end":{"line":70,"column":40}},"17":{"start":{"line":74,"column":2},"end":{"line":78,"column":36}},"18":{"start":{"line":75,"column":4},"end":{"line":77,"column":5}},"19":{"start":{"line":76,"column":6},"end":{"line":76,"column":50}},"20":{"start":{"line":81,"column":24},"end":{"line":84,"column":3}},"21":{"start":{"line":82,"column":4},"end":{"line":82,"column":27}},"22":{"start":{"line":83,"column":4},"end":{"line":83,"column":23}},"23":{"start":{"line":87,"column":23},"end":{"line":90,"column":3}},"24":{"start":{"line":88,"column":4},"end":{"line":88,"column":24}},"25":{"start":{"line":89,"column":4},"end":{"line":89,"column":25}},"26":{"start":{"line":93,"column":22},"end":{"line":97,"column":3}},"27":{"start":{"line":94,"column":4},"end":{"line":96,"column":5}},"28":{"start":{"line":95,"column":6},"end":{"line":95,"column":30}},"29":{"start":{"line":100,"column":29},"end":{"line":102,"column":3}},"30":{"start":{"line":101,"column":4},"end":{"line":101,"column":68}},"31":{"start":{"line":101,"column":34},"end":{"line":101,"column":58}},"32":{"start":{"line":104,"column":2},"end":{"line":286,"column":4}},"33":{"start":{"line":148,"column":16},"end":{"line":149,"column":null}},"34":{"start":{"line":150,"column":33},"end":{"line":150,"column":54}},"35":{"start":{"line":241,"column":12},"end":{"line":242,"column":null}},"36":{"start":{"line":243,"column":29},"end":{"line":243,"column":50}},"37":{"start":{"line":289,"column":0},"end":{"line":289,"column":26}}},"fnMap":{"0":{"name":"(anonymous_9)","decl":{"start":{"line":51,"column":29},"end":{"line":51,"column":32}},"loc":{"start":{"line":51,"column":34},"end":{"line":287,"column":1}}},"1":{"name":"(anonymous_10)","decl":{"start":{"line":57,"column":12},"end":{"line":57,"column":15}},"loc":{"start":{"line":57,"column":17},"end":{"line":71,"column":3}}},"2":{"name":"(anonymous_11)","decl":{"start":{"line":60,"column":33},"end":{"line":60,"column":36}},"loc":{"start":{"line":60,"column":38},"end":{"line":68,"column":5}}},"3":{"name":"(anonymous_12)","decl":{"start":{"line":61,"column":26},"end":{"line":61,"column":27}},"loc":{"start":{"line":61,"column":35},"end":{"line":67,"column":7}}},"4":{"name":"(anonymous_13)","decl":{"start":{"line":70,"column":11},"end":{"line":70,"column":14}},"loc":{"start":{"line":70,"column":17},"end":{"line":70,"column":40}}},"5":{"name":"(anonymous_14)","decl":{"start":{"line":74,"column":12},"end":{"line":74,"column":15}},"loc":{"start":{"line":74,"column":17},"end":{"line":78,"column":3}}},"6":{"name":"(anonymous_15)","decl":{"start":{"line":81,"column":24},"end":{"line":81,"column":27}},"loc":{"start":{"line":81,"column":29},"end":{"line":84,"column":3}}},"7":{"name":"(anonymous_16)","decl":{"start":{"line":87,"column":23},"end":{"line":87,"column":26}},"loc":{"start":{"line":87,"column":28},"end":{"line":90,"column":3}}},"8":{"name":"(anonymous_17)","decl":{"start":{"line":93,"column":22},"end":{"line":93,"column":23}},"loc":{"start":{"line":93,"column":42},"end":{"line":97,"column":3}}},"9":{"name":"(anonymous_18)","decl":{"start":{"line":100,"column":29},"end":{"line":100,"column":46}},"loc":{"start":{"line":100,"column":48},"end":{"line":102,"column":3}}},"10":{"name":"(anonymous_19)","decl":{"start":{"line":101,"column":23},"end":{"line":101,"column":24}},"loc":{"start":{"line":101,"column":34},"end":{"line":101,"column":58}}},"11":{"name":"(anonymous_20)","decl":{"start":{"line":147,"column":26},"end":{"line":147,"column":27}},"loc":{"start":{"line":148,"column":16},"end":{"line":149,"column":null}}},"12":{"name":"(anonymous_21)","decl":{"start":{"line":150,"column":27},"end":{"line":150,"column":30}},"loc":{"start":{"line":150,"column":33},"end":{"line":150,"column":54}}},"13":{"name":"(anonymous_22)","decl":{"start":{"line":240,"column":22},"end":{"line":240,"column":23}},"loc":{"start":{"line":241,"column":12},"end":{"line":242,"column":null}}},"14":{"name":"(anonymous_23)","decl":{"start":{"line":243,"column":23},"end":{"line":243,"column":26}},"loc":{"start":{"line":243,"column":29},"end":{"line":243,"column":50}}}},"branchMap":{"0":{"loc":{"start":{"line":58,"column":4},"end":{"line":58,"column":27}},"type":"if","locations":[{"start":{"line":58,"column":4},"end":{"line":58,"column":27}},{"start":{},"end":{}}]},"1":{"loc":{"start":{"line":62,"column":8},"end":{"line":65,"column":9}},"type":"if","locations":[{"start":{"line":62,"column":8},"end":{"line":65,"column":9}},{"start":{},"end":{}}]},"2":{"loc":{"start":{"line":75,"column":4},"end":{"line":77,"column":5}},"type":"if","locations":[{"start":{"line":75,"column":4},"end":{"line":77,"column":5}},{"start":{},"end":{}}]},"3":{"loc":{"start":{"line":94,"column":4},"end":{"line":96,"column":5}},"type":"if","locations":[{"start":{"line":94,"column":4},"end":{"line":96,"column":5}},{"start":{},"end":{}}]},"4":{"loc":{"start":{"line":101,"column":11},"end":{"line":101,"column":67}},"type":"binary-expr","locations":[{"start":{"line":101,"column":11},"end":{"line":101,"column":59}},{"start":{"line":101,"column":63},"end":{"line":101,"column":67}}]},"5":{"loc":{"start":{"line":153,"column":20},"end":{"line":155,"column":null}},"type":"cond-expr","locations":[{"start":{"line":154,"column":24},"end":{"line":154,"column":72}},{"start":{"line":155,"column":24},"end":{"line":155,"column":null}}]},"6":{"loc":{"start":{"line":156,"column":22},"end":{"line":156,"column":73}},"type":"cond-expr","locations":[{"start":{"line":156,"column":34},"end":{"line":156,"column":54}},{"start":{"line":156,"column":57},"end":{"line":156,"column":73}}]},"7":{"loc":{"start":{"line":170,"column":15},"end":{"line":179,"column":null}},"type":"binary-expr","locations":[{"start":{"line":170,"column":15},"end":{"line":170,"column":24}},{"start":{"line":170,"column":28},"end":{"line":170,"column":64}},{"start":{"line":171,"column":16},"end":{"line":178,"column":null}}]},"8":{"loc":{"start":{"line":183,"column":15},"end":{"line":191,"column":null}},"type":"binary-expr","locations":[{"start":{"line":183,"column":15},"end":{"line":183,"column":24}},{"start":{"line":184,"column":16},"end":{"line":190,"column":null}}]},"9":{"loc":{"start":{"line":199,"column":15},"end":{"line":232,"column":null}},"type":"cond-expr","locations":[{"start":{"line":200,"column":16},"end":{"line":224,"column":null}},{"start":{"line":227,"column":16},"end":{"line":231,"column":null}}]},"10":{"loc":{"start":{"line":246,"column":16},"end":{"line":248,"column":null}},"type":"cond-expr","locations":[{"start":{"line":247,"column":20},"end":{"line":247,"column":54}},{"start":{"line":248,"column":20},"end":{"line":248,"column":null}}]}},"s":{"0":1,"1":1,"2":1,"3":45,"4":45,"5":45,"6":45,"7":28,"8":24,"9":4,"10":0,"11":0,"12":0,"13":0,"14":0,"15":4,"16":4,"17":45,"18":28,"19":4,"20":45,"21":4,"22":4,"23":45,"24":1,"25":1,"26":45,"27":13,"28":13,"29":45,"30":68,"31":120,"32":45,"33":180,"34":13,"35":180,"36":0,"37":1},"f":{"0":45,"1":28,"2":0,"3":0,"4":4,"5":28,"6":4,"7":1,"8":13,"9":68,"10":120,"11":180,"12":13,"13":180,"14":0},"b":{"0":[24,4],"1":[0,0],"2":[4,24],"3":[13,0],"4":[68,0],"5":[17,163],"6":[32,148],"7":[45,8,8],"8":[45,8],"9":[17,28],"10":[17,163]}}
,"C:\\Users\\Sebastian\\Desktop\\integracion_continuaTF\\src\\components\\Matematicas\\quizLogic.ts": {"path":"C:\\Users\\Sebastian\\Desktop\\integracion_continuaTF\\src\\components\\Matematicas\\quizLogic.ts","statementMap":{"0":{"start":{"line":7,"column":0},"end":{"line":7,"column":16}},"1":{"start":{"line":11,"column":19},"end":{"line":11,"column":73}},"2":{"start":{"line":11,"column":47},"end":{"line":11,"column":65}},"3":{"start":{"line":12,"column":21},"end":{"line":12,"column":56}},"4":{"start":{"line":13,"column":19},"end":{"line":13,"column":35}},"5":{"start":{"line":15,"column":2},"end":{"line":19,"column":4}}},"fnMap":{"0":{"name":"calcularPuntaje","decl":{"start":{"line":7,"column":16},"end":{"line":7,"column":31}},"loc":{"start":{"line":9,"column":21},"end":{"line":20,"column":1}}},"1":{"name":"(anonymous_1)","decl":{"start":{"line":11,"column":37},"end":{"line":11,"column":38}},"loc":{"start":{"line":11,"column":47},"end":{"line":11,"column":65}}}},"branchMap":{},"s":{"0":0,"1":0,"2":0,"3":0,"4":0,"5":0},"f":{"0":0,"1":0},"b":{}}
,"C:\\Users\\Sebastian\\Desktop\\integracion_continuaTF\\src\\components\\Matematicas\\MultiplicationTable\\MultiplicationTable.tsx": {"path":"C:\\Users\\Sebastian\\Desktop\\integracion_continuaTF\\src\\components\\Matematicas\\MultiplicationTable\\MultiplicationTable.tsx","statementMap":{"0":{"start":{"line":1,"column":0},"end":{"line":1,"column":40}},"1":{"start":{"line":11,"column":38},"end":{"line":261,"column":1}},"2":{"start":{"line":12,"column":44},"end":{"line":12,"column":63}},"3":{"start":{"line":13,"column":36},"end":{"line":13,"column":65}},"4":{"start":{"line":14,"column":28},"end":{"line":14,"column":47}},"5":{"start":{"line":15,"column":44},"end":{"line":15,"column":63}},"6":{"start":{"line":16,"column":36},"end":{"line":16,"column":60}},"7":{"start":{"line":19,"column":28},"end":{"line":30,"column":3}},"8":{"start":{"line":20,"column":4},"end":{"line":29,"column":7}},"9":{"start":{"line":21,"column":25},"end":{"line":21,"column":30}},"10":{"start":{"line":22,"column":6},"end":{"line":28,"column":8}},"11":{"start":{"line":33,"column":24},"end":{"line":38,"column":3}},"12":{"start":{"line":34,"column":4},"end":{"line":34,"column":51}},"13":{"start":{"line":35,"column":4},"end":{"line":35,"column":16}},"14":{"start":{"line":36,"column":4},"end":{"line":36,"column":24}},"15":{"start":{"line":37,"column":4},"end":{"line":37,"column":23}},"16":{"start":{"line":41,"column":22},"end":{"line":69,"column":3}},"17":{"start":{"line":42,"column":21},"end":{"line":42,"column":37}},"18":{"start":{"line":43,"column":26},"end":{"line":43,"column":55}},"19":{"start":{"line":44,"column":22},"end":{"line":44,"column":55}},"20":{"start":{"line":46,"column":29},"end":{"line":46,"column":43}},"21":{"start":{"line":47,"column":4},"end":{"line":51,"column":6}},"22":{"start":{"line":52,"column":4},"end":{"line":52,"column":35}},"23":{"start":{"line":54,"column":4},"end":{"line":66,"column":5}},"24":{"start":{"line":55,"column":6},"end":{"line":55,"column":35}},"25":{"start":{"line":55,"column":25},"end":{"line":55,"column":33}},"26":{"start":{"line":58,"column":6},"end":{"line":65,"column":15}},"27":{"start":{"line":59,"column":31},"end":{"line":59,"column":52}},"28":{"start":{"line":60,"column":8},"end":{"line":63,"column":10}},"29":{"start":{"line":64,"column":8},"end":{"line":64,"column":37}},"30":{"start":{"line":68,"column":4},"end":{"line":68,"column":41}},"31":{"start":{"line":68,"column":31},"end":{"line":68,"column":39}},"32":{"start":{"line":72,"column":29},"end":{"line":79,"column":3}},"33":{"start":{"line":73,"column":29},"end":{"line":73,"column":43}},"34":{"start":{"line":74,"column":4},"end":{"line":77,"column":6}},"35":{"start":{"line":78,"column":4},"end":{"line":78,"column":35}},"36":{"start":{"line":82,"column":22},"end":{"line":97,"column":3}},"37":{"start":{"line":83,"column":4},"end":{"line":83,"column":28}},"38":{"start":{"line":84,"column":4},"end":{"line":96,"column":5}},"39":{"start":{"line":86,"column":6},"end":{"line":86,"column":45}},"40":{"start":{"line":87,"column":6},"end":{"line":87,"column":18}},"41":{"start":{"line":88,"column":6},"end":{"line":88,"column":26}},"42":{"start":{"line":92,"column":6},"end":{"line":92,"column":26}},"43":{"start":{"line":93,"column":6},"end":{"line":93,"column":23}},"44":{"start":{"line":94,"column":6},"end":{"line":94,"column":18}},"45":{"start":{"line":95,"column":6},"end":{"line":95,"column":26}},"46":{"start":{"line":100,"column":24},"end":{"line":111,"column":3}},"47":{"start":{"line":102,"column":6},"end":{"line":102,"column":104}},"48":{"start":{"line":104,"column":4},"end":{"line":106,"column":5}},"49":{"start":{"line":105,"column":6},"end":{"line":105,"column":64}},"50":{"start":{"line":107,"column":4},"end":{"line":109,"column":5}},"51":{"start":{"line":108,"column":6},"end":{"line":108,"column":57}},"52":{"start":{"line":110,"column":4},"end":{"line":110,"column":51}},"53":{"start":{"line":113,"column":2},"end":{"line":260,"column":4}},"54":{"start":{"line":135,"column":33},"end":{"line":135,"column":73}},"55":{"start":{"line":139,"column":54},"end":{"line":139,"column":59}},"56":{"start":{"line":140,"column":18},"end":{"line":140,"column":36}},"57":{"start":{"line":182,"column":16},"end":{"line":183,"column":null}},"58":{"start":{"line":194,"column":37},"end":{"line":194,"column":78}},"59":{"start":{"line":203,"column":37},"end":{"line":203,"column":55}},"60":{"start":{"line":233,"column":33},"end":{"line":233,"column":59}},"61":{"start":{"line":240,"column":33},"end":{"line":240,"column":52}},"62":{"start":{"line":263,"column":0},"end":{"line":263,"column":35}}},"fnMap":{"0":{"name":"(anonymous_9)","decl":{"start":{"line":11,"column":38},"end":{"line":11,"column":41}},"loc":{"start":{"line":11,"column":43},"end":{"line":261,"column":1}}},"1":{"name":"(anonymous_10)","decl":{"start":{"line":19,"column":28},"end":{"line":19,"column":29}},"loc":{"start":{"line":19,"column":63},"end":{"line":30,"column":3}}},"2":{"name":"(anonymous_11)","decl":{"start":{"line":20,"column":38},"end":{"line":20,"column":39}},"loc":{"start":{"line":20,"column":47},"end":{"line":29,"column":5}}},"3":{"name":"(anonymous_12)","decl":{"start":{"line":33,"column":24},"end":{"line":33,"column":27}},"loc":{"start":{"line":33,"column":29},"end":{"line":38,"column":3}}},"4":{"name":"(anonymous_13)","decl":{"start":{"line":41,"column":22},"end":{"line":41,"column":23}},"loc":{"start":{"line":41,"column":40},"end":{"line":69,"column":3}}},"5":{"name":"(anonymous_14)","decl":{"start":{"line":55,"column":15},"end":{"line":55,"column":16}},"loc":{"start":{"line":55,"column":25},"end":{"line":55,"column":33}}},"6":{"name":"(anonymous_15)","decl":{"start":{"line":58,"column":17},"end":{"line":58,"column":20}},"loc":{"start":{"line":58,"column":22},"end":{"line":65,"column":7}}},"7":{"name":"(anonymous_16)","decl":{"start":{"line":68,"column":21},"end":{"line":68,"column":22}},"loc":{"start":{"line":68,"column":31},"end":{"line":68,"column":39}}},"8":{"name":"(anonymous_17)","decl":{"start":{"line":72,"column":29},"end":{"line":72,"column":30}},"loc":{"start":{"line":72,"column":62},"end":{"line":79,"column":3}}},"9":{"name":"(anonymous_18)","decl":{"start":{"line":82,"column":22},"end":{"line":82,"column":23}},"loc":{"start":{"line":82,"column":40},"end":{"line":97,"column":3}}},"10":{"name":"(anonymous_19)","decl":{"start":{"line":100,"column":24},"end":{"line":100,"column":25}},"loc":{"start":{"line":100,"column":60},"end":{"line":111,"column":3}}},"11":{"name":"(anonymous_20)","decl":{"start":{"line":135,"column":26},"end":{"line":135,"column":27}},"loc":{"start":{"line":135,"column":33},"end":{"line":135,"column":73}}},"12":{"name":"(anonymous_21)","decl":{"start":{"line":139,"column":44},"end":{"line":139,"column":45}},"loc":{"start":{"line":139,"column":54},"end":{"line":139,"column":59}}},"13":{"name":"(anonymous_22)","decl":{"start":{"line":139,"column":65},"end":{"line":139,"column":66}},"loc":{"start":{"line":140,"column":18},"end":{"line":140,"column":36}}},"14":{"name":"(anonymous_23)","decl":{"start":{"line":181,"column":29},"end":{"line":181,"column":30}},"loc":{"start":{"line":182,"column":16},"end":{"line":183,"column":null}}},"15":{"name":"(anonymous_24)","decl":{"start":{"line":194,"column":30},"end":{"line":194,"column":31}},"loc":{"start":{"line":194,"column":37},"end":{"line":194,"column":78}}},"16":{"name":"(anonymous_25)","decl":{"start":{"line":203,"column":31},"end":{"line":203,"column":34}},"loc":{"start":{"line":203,"column":37},"end":{"line":203,"column":55}}},"17":{"name":"(anonymous_26)","decl":{"start":{"line":233,"column":27},"end":{"line":233,"column":30}},"loc":{"start":{"line":233,"column":33},"end":{"line":233,"column":59}}},"18":{"name":"(anonymous_27)","decl":{"start":{"line":240,"column":27},"end":{"line":240,"column":30}},"loc":{"start":{"line":240,"column":33},"end":{"line":240,"column":52}}}},"branchMap":{"0":{"loc":{"start":{"line":54,"column":4},"end":{"line":66,"column":5}},"type":"if","locations":[{"start":{"line":54,"column":4},"end":{"line":66,"column":5}},{"start":{"line":56,"column":11},"end":{"line":66,"column":5}}]},"1":{"loc":{"start":{"line":84,"column":4},"end":{"line":96,"column":5}},"type":"if","locations":[{"start":{"line":84,"column":4},"end":{"line":96,"column":5}},{"start":{"line":90,"column":11},"end":{"line":96,"column":5}}]},"2":{"loc":{"start":{"line":104,"column":4},"end":{"line":106,"column":5}},"type":"if","locations":[{"start":{"line":104,"column":4},"end":{"line":106,"column":5}},{"start":{},"end":{}}]},"3":{"loc":{"start":{"line":107,"column":4},"end":{"line":109,"column":5}},"type":"if","locations":[{"start":{"line":107,"column":4},"end":{"line":109,"column":5}},{"start":{},"end":{}}]},"4":{"loc":{"start":{"line":126,"column":9},"end":{"line":256,"column":null}},"type":"cond-expr","locations":[{"start":{"line":128,"column":10},"end":{"line":152,"column":null}},{"start":{"line":156,"column":10},"end":{"line":255,"column":null}}]},"5":{"loc":{"start":{"line":167,"column":17},"end":{"line":174,"column":null}},"type":"binary-expr","locations":[{"start":{"line":167,"column":17},"end":{"line":167,"column":37}},{"start":{"line":168,"column":18},"end":{"line":173,"column":null}}]},"6":{"loc":{"start":{"line":169,"column":21},"end":{"line":173,"column":50}},"type":"cond-expr","locations":[{"start":{"line":170,"column":24},"end":{"line":170,"column":40}},{"start":{"line":171,"column":24},"end":{"line":173,"column":50}}]},"7":{"loc":{"start":{"line":171,"column":24},"end":{"line":173,"column":50}},"type":"cond-expr","locations":[{"start":{"line":172,"column":26},"end":{"line":172,"column":43}},{"start":{"line":173,"column":26},"end":{"line":173,"column":50}}]},"8":{"loc":{"start":{"line":201,"column":19},"end":{"line":223,"column":null}},"type":"cond-expr","locations":[{"start":{"line":202,"column":20},"end":{"line":206,"column":null}},{"start":{"line":211,"column":20},"end":{"line":222,"column":null}}]},"9":{"loc":{"start":{"line":212,"column":23},"end":{"line":221,"column":null}},"type":"cond-expr","locations":[{"start":{"line":213,"column":24},"end":{"line":213,"column":null}},{"start":{"line":217,"column":24},"end":{"line":220,"column":null}}]},"10":{"loc":{"start":{"line":230,"column":13},"end":{"line":246,"column":null}},"type":"binary-expr","locations":[{"start":{"line":230,"column":13},"end":{"line":230,"column":33}},{"start":{"line":231,"column":14},"end":{"line":245,"column":null}}]}},"s":{"0":1,"1":1,"2":127,"3":127,"4":127,"5":127,"6":127,"7":127,"8":15,"9":150,"10":150,"11":127,"12":14,"13":14,"14":14,"15":14,"16":127,"17":45,"18":45,"19":45,"20":45,"21":45,"22":45,"23":45,"24":43,"25":43,"26":2,"27":0,"28":0,"29":0,"30":45,"31":45,"32":127,"33":46,"34":46,"35":46,"36":127,"37":1,"38":1,"39":1,"40":1,"41":1,"42":0,"43":0,"44":0,"45":0,"46":127,"47":1060,"48":1060,"49":655,"50":405,"51":403,"52":2,"53":127,"54":2,"55":210,"56":210,"57":1060,"58":46,"59":45,"60":1,"61":1,"62":1},"f":{"0":127,"1":15,"2":150,"3":14,"4":45,"5":43,"6":0,"7":45,"8":46,"9":1,"10":1060,"11":2,"12":210,"13":210,"14":1060,"15":46,"16":45,"17":1,"18":1},"b":{"0":[43,2],"1":[1,0],"2":[655,405],"3":[403,2],"4":[21,106],"5":[106,4],"6":[4,0],"7":[0,0],"8":[655,405],"9":[403,2],"10":[106,4]}}
}
