TN:
SF:src\components\Arte\ColorMixer\ColorMixer.tsx
FN:9,(anonymous_9)
FN:19,(anonymous_10)
FN:33,(anonymous_11)
FN:57,(anonymous_12)
FN:58,(anonymous_13)
FN:65,(anonymous_14)
FN:75,(anonymous_15)
FN:80,(anonymous_16)
FN:82,(anonymous_17)
FN:133,(anonymous_18)
FN:150,(anonymous_19)
FN:167,(anonymous_20)
FN:177,(anonymous_21)
FN:184,(anonymous_22)
FN:191,(anonymous_23)
FNF:15
FNH:15
FNDA:24,(anonymous_9)
FNDA:96,(anonymous_10)
FNDA:24,(anonymous_11)
FNDA:5,(anonymous_12)
FNDA:5,(anonymous_13)
FNDA:3,(anonymous_14)
FNDA:1,(anonymous_15)
FNDA:24,(anonymous_16)
FNDA:72,(anonymous_17)
FNDA:3,(anonymous_18)
FNDA:1,(anonymous_19)
FNDA:1,(anonymous_20)
FNDA:1,(anonymous_21)
FNDA:1,(anonymous_22)
FNDA:1,(anonymous_23)
DA:1,1
DA:9,1
DA:10,24
DA:16,24
DA:19,24
DA:21,96
DA:22,96
DA:23,96
DA:25,96
DA:33,24
DA:34,24
DA:35,24
DA:37,24
DA:38,24
DA:40,0
DA:41,0
DA:44,0
DA:47,0
DA:48,0
DA:49,0
DA:50,0
DA:51,0
DA:52,0
DA:53,0
DA:57,24
DA:58,5
DA:65,24
DA:66,3
DA:71,3
DA:75,24
DA:76,1
DA:80,24
DA:81,24
DA:82,24
DA:83,72
DA:84,24
DA:87,24
DA:133,3
DA:150,1
DA:167,1
DA:177,1
DA:184,1
DA:191,1
DA:219,1
LF:44
LH:34
BRDA:35,0,0,0
BRDA:35,0,1,24
BRDA:38,1,0,24
BRDA:38,1,1,0
BRF:4
BRH:2
end_of_record
TN:
SF:src\components\CienciasNaturales\WaterCycle\WaterCycle.tsx
FN:51,(anonymous_9)
FN:57,(anonymous_10)
FN:60,(anonymous_11)
FN:61,(anonymous_12)
FN:70,(anonymous_13)
FN:74,(anonymous_14)
FN:81,(anonymous_15)
FN:87,(anonymous_16)
FN:93,(anonymous_17)
FN:100,(anonymous_18)
FN:101,(anonymous_19)
FN:147,(anonymous_20)
FN:150,(anonymous_21)
FN:240,(anonymous_22)
FN:243,(anonymous_23)
FNF:15
FNH:12
FNDA:45,(anonymous_9)
FNDA:28,(anonymous_10)
FNDA:0,(anonymous_11)
FNDA:0,(anonymous_12)
FNDA:4,(anonymous_13)
FNDA:28,(anonymous_14)
FNDA:4,(anonymous_15)
FNDA:1,(anonymous_16)
FNDA:13,(anonymous_17)
FNDA:68,(anonymous_18)
FNDA:120,(anonymous_19)
FNDA:180,(anonymous_20)
FNDA:13,(anonymous_21)
FNDA:180,(anonymous_22)
FNDA:0,(anonymous_23)
DA:1,1
DA:12,1
DA:51,1
DA:52,45
DA:53,45
DA:54,45
DA:57,45
DA:58,28
DA:60,4
DA:61,0
DA:62,0
DA:63,0
DA:64,0
DA:66,0
DA:70,4
DA:74,45
DA:75,28
DA:76,4
DA:81,45
DA:82,4
DA:83,4
DA:87,45
DA:88,1
DA:89,1
DA:93,45
DA:94,13
DA:95,13
DA:100,45
DA:101,120
DA:104,45
DA:148,180
DA:150,13
DA:241,180
DA:243,0
DA:289,1
LF:35
LH:29
BRDA:58,0,0,24
BRDA:58,0,1,4
BRDA:62,1,0,0
BRDA:62,1,1,0
BRDA:75,2,0,4
BRDA:75,2,1,24
BRDA:94,3,0,13
BRDA:94,3,1,0
BRDA:101,4,0,68
BRDA:101,4,1,0
BRDA:153,5,0,17
BRDA:153,5,1,163
BRDA:156,6,0,32
BRDA:156,6,1,148
BRDA:170,7,0,45
BRDA:170,7,1,8
BRDA:170,7,2,8
BRDA:183,8,0,45
BRDA:183,8,1,8
BRDA:199,9,0,17
BRDA:199,9,1,28
BRDA:246,10,0,17
BRDA:246,10,1,163
BRF:23
BRH:19
end_of_record
TN:
SF:src\components\Matematicas\quizLogic.ts
FN:7,calcularPuntaje
FN:11,(anonymous_1)
FNF:2
FNH:0
FNDA:0,calcularPuntaje
FNDA:0,(anonymous_1)
DA:7,0
DA:11,0
DA:12,0
DA:13,0
DA:15,0
LF:5
LH:0
BRF:0
BRH:0
end_of_record
TN:
SF:src\components\Matematicas\MultiplicationTable\MultiplicationTable.tsx
FN:11,(anonymous_9)
FN:19,(anonymous_10)
FN:20,(anonymous_11)
FN:33,(anonymous_12)
FN:41,(anonymous_13)
FN:55,(anonymous_14)
FN:58,(anonymous_15)
FN:68,(anonymous_16)
FN:72,(anonymous_17)
FN:82,(anonymous_18)
FN:100,(anonymous_19)
FN:135,(anonymous_20)
FN:139,(anonymous_21)
FN:139,(anonymous_22)
FN:181,(anonymous_23)
FN:194,(anonymous_24)
FN:203,(anonymous_25)
FN:233,(anonymous_26)
FN:240,(anonymous_27)
FNF:19
FNH:18
FNDA:127,(anonymous_9)
FNDA:15,(anonymous_10)
FNDA:150,(anonymous_11)
FNDA:14,(anonymous_12)
FNDA:45,(anonymous_13)
FNDA:43,(anonymous_14)
FNDA:0,(anonymous_15)
FNDA:45,(anonymous_16)
FNDA:46,(anonymous_17)
FNDA:1,(anonymous_18)
FNDA:1060,(anonymous_19)
FNDA:2,(anonymous_20)
FNDA:210,(anonymous_21)
FNDA:210,(anonymous_22)
FNDA:1060,(anonymous_23)
FNDA:46,(anonymous_24)
FNDA:45,(anonymous_25)
FNDA:1,(anonymous_26)
FNDA:1,(anonymous_27)
DA:1,1
DA:11,1
DA:12,127
DA:13,127
DA:14,127
DA:15,127
DA:16,127
DA:19,127
DA:20,15
DA:21,150
DA:22,150
DA:33,127
DA:34,14
DA:35,14
DA:36,14
DA:37,14
DA:41,127
DA:42,45
DA:43,45
DA:44,45
DA:46,45
DA:47,45
DA:52,45
DA:54,45
DA:55,43
DA:58,2
DA:59,0
DA:60,0
DA:64,0
DA:68,45
DA:72,127
DA:73,46
DA:74,46
DA:78,46
DA:82,127
DA:83,1
DA:84,1
DA:86,1
DA:87,1
DA:88,1
DA:92,0
DA:93,0
DA:94,0
DA:95,0
DA:100,127
DA:102,1060
DA:104,1060
DA:105,655
DA:107,405
DA:108,403
DA:110,2
DA:113,127
DA:135,2
DA:139,210
DA:140,210
DA:182,1060
DA:194,46
DA:203,45
DA:233,1
DA:240,1
DA:263,1
LF:61
LH:54
BRDA:54,0,0,43
BRDA:54,0,1,2
BRDA:84,1,0,1
BRDA:84,1,1,0
BRDA:104,2,0,655
BRDA:104,2,1,405
BRDA:107,3,0,403
BRDA:107,3,1,2
BRDA:126,4,0,21
BRDA:126,4,1,106
BRDA:167,5,0,106
BRDA:167,5,1,4
BRDA:169,6,0,4
BRDA:169,6,1,0
BRDA:171,7,0,0
BRDA:171,7,1,0
BRDA:201,8,0,655
BRDA:201,8,1,405
BRDA:212,9,0,403
BRDA:212,9,1,2
BRDA:230,10,0,106
BRDA:230,10,1,4
BRF:22
BRH:18
end_of_record
